<?xml version="1.0" encoding="UTF-8"?>
<!-- Generated by org.testng.reporters.JUnitXMLReporter -->
<testsuite ignored="0" hostname="DESKTOP-G14DHK4" failures="0" tests="5" name="Test" time="50.421" errors="0" timestamp="2022-06-06T20:25:46 IST">
  <testcase classname="com.qa.tests.OrangeHRMTests" name="LogInTest2" time="2.167"/>
  <testcase classname="com.qa.tests.OrangeHRMTests" name="LogInTest2" time="2.336"/>
  <testcase classname="com.qa.tests.OrangeHRMTests" name="LogInTest2" time="2.183"/>
  <testcase classname="com.qa.tests.OrangeHRMTests" name="LogInTest2" time="0.499"/>
  <testcase classname="com.qa.tests.OrangeHRMTests" name="LogInTest2" time="0.603"/>
</testsuite> <!-- Test -->
