<?xml version="1.0" encoding="UTF-8"?>
<!-- Generated by org.testng.reporters.JUnitXMLReporter -->
<testsuite ignored="0" hostname="DESKTOP-G14DHK4" failures="0" tests="8" name="Test" time="52.098" errors="0" timestamp="2022-06-06T18:35:41 IST">
  <testcase classname="com.qa.tests.OrangeHRMTests" name="LogInTest1" time="6.791"/>
  <testcase classname="com.qa.tests.OrangeHRMTests" name="LogInTest2" time="2.491"/>
  <testcase classname="com.qa.tests.OrangeHRMTests" name="LogInLogOutTest" time="8.659"/>
  <testcase classname="com.qa.tests.OrangeHRMTests" name="searchUser" time="11.526"/>
  <testcase classname="com.qa.tests.OrangeHRMTests" name="LogInTest2" time="2.314"/>
  <testcase classname="com.qa.tests.OrangeHRMTests" name="LogInTest2" time="1.81"/>
  <testcase classname="com.qa.tests.OrangeHRMTests" name="LogInTest2" time="0.546"/>
  <testcase classname="com.qa.tests.OrangeHRMTests" name="LogInTest2" time="0.633"/>
</testsuite> <!-- Test -->
