<?xml version="1.0" encoding="UTF-8"?>
<testng-results ignored="0" total="8" passed="8" failed="0" skipped="0">
  <reporter-output>
  </reporter-output>
  <suite started-at="2022-06-06T22:40:40 IST" name="Suite" finished-at="2022-06-06T22:41:44 IST" duration-ms="64350">
    <groups>
    </groups>
    <test started-at="2022-06-06T22:40:40 IST" name="Test" finished-at="2022-06-06T22:41:44 IST" duration-ms="64350">
      <class name="com.qa.tests.OrangeHRMTests">
        <test-method is-config="true" signature="setUp([Ljava.lang.Object;)[pri:0, instance:com.qa.tests.OrangeHRMTests@e056f20]" started-at="2022-06-06T22:40:41 IST" name="setUp" finished-at="2022-06-06T22:40:50 IST" duration-ms="9241" status="PASS">
          <params>
            <param index="0">
              <value>
                <![CDATA[[Ljava.lang.Object;@71391b3f]]>
              </value>
            </param>
          </params>
          <reporter-output>
          </reporter-output>
        </test-method> <!-- setUp -->
        <test-method is-config="true" signature="setUp([Ljava.lang.Object;)[pri:0, instance:com.qa.tests.OrangeHRMTests@e056f20]" started-at="2022-06-06T22:40:41 IST" name="setUp" finished-at="2022-06-06T22:40:51 IST" duration-ms="9866" status="PASS">
          <params>
            <param index="0">
              <value>
                <![CDATA[[Ljava.lang.Object;@4078695f]]>
              </value>
            </param>
          </params>
          <reporter-output>
          </reporter-output>
        </test-method> <!-- setUp -->
        <test-method is-config="true" signature="setUp([Ljava.lang.Object;)[pri:0, instance:com.qa.tests.OrangeHRMTests@e056f20]" started-at="2022-06-06T22:40:41 IST" name="setUp" finished-at="2022-06-06T22:40:54 IST" duration-ms="13174" status="PASS">
          <params>
            <param index="0">
              <value>
                <![CDATA[[Ljava.lang.Object;@79a1728c]]>
              </value>
            </param>
          </params>
          <reporter-output>
          </reporter-output>
        </test-method> <!-- setUp -->
        <test-method is-config="true" signature="setUp([Ljava.lang.Object;)[pri:0, instance:com.qa.tests.OrangeHRMTests@e056f20]" started-at="2022-06-06T22:40:41 IST" name="setUp" finished-at="2022-06-06T22:40:50 IST" duration-ms="9307" status="PASS">
          <params>
            <param index="0">
              <value>
                <![CDATA[[Ljava.lang.Object;@a7f0ab6]]>
              </value>
            </param>
          </params>
          <reporter-output>
          </reporter-output>
        </test-method> <!-- setUp -->
        <test-method signature="LogInTest1(java.util.Map)[pri:0, instance:com.qa.tests.OrangeHRMTests@e056f20]" started-at="2022-06-06T22:40:50 IST" name="LogInTest1" description="To check weather the user can login  succesfully" data-provider="getData" finished-at="2022-06-06T22:40:57 IST" duration-ms="6401" status="PASS">
          <params>
            <param index="0">
              <value>
                <![CDATA[{employeeName=, employeeUserName=, password=admin123, browser=chrome, userName=Admin, testName=LogInTest1}]]>
              </value>
            </param>
          </params>
          <reporter-output>
          </reporter-output>
        </test-method> <!-- LogInTest1 -->
        <test-method signature="LogInLogOutTest(java.util.Map)[pri:0, instance:com.qa.tests.OrangeHRMTests@e056f20]" started-at="2022-06-06T22:40:50 IST" name="LogInLogOutTest" description="To check weather user can login logout successfully" data-provider="getData" finished-at="2022-06-06T22:40:58 IST" duration-ms="8027" status="PASS">
          <params>
            <param index="0">
              <value>
                <![CDATA[{employeeName=, employeeUserName=, password=admin123, browser=chrome, userName=Admin, testName=LogInLogOutTest}]]>
              </value>
            </param>
          </params>
          <reporter-output>
          </reporter-output>
        </test-method> <!-- LogInLogOutTest -->
        <test-method signature="searchUser(java.util.Map)[pri:0, instance:com.qa.tests.OrangeHRMTests@e056f20]" started-at="2022-06-06T22:40:51 IST" name="searchUser" description="To check admin page details" data-provider="getData" finished-at="2022-06-06T22:41:00 IST" duration-ms="9350" status="PASS">
          <params>
            <param index="0">
              <value>
                <![CDATA[{employeeName=AS FSD FSD, employeeUserName=as12345, password=admin123, browser=chrome, userName=Admin, testName=searchUser}]]>
              </value>
            </param>
          </params>
          <reporter-output>
          </reporter-output>
        </test-method> <!-- searchUser -->
        <test-method signature="LogInTest2(java.util.Map)[pri:0, instance:com.qa.tests.OrangeHRMTests@e056f20]" started-at="2022-06-06T22:40:54 IST" name="LogInTest2" description="To check newTest working fine" data-provider="getData" finished-at="2022-06-06T22:40:57 IST" duration-ms="3117" status="PASS">
          <params>
            <param index="0">
              <value>
                <![CDATA[{employeeName=, employeeUserName=, password=admin1234, browser=firefox, userName=Admin, testName=LogInTest2}]]>
              </value>
            </param>
          </params>
          <reporter-output>
          </reporter-output>
        </test-method> <!-- LogInTest2 -->
        <test-method is-config="true" signature="tearDown()[pri:0, instance:com.qa.tests.OrangeHRMTests@e056f20]" started-at="2022-06-06T22:40:57 IST" name="tearDown" finished-at="2022-06-06T22:40:58 IST" duration-ms="987" status="PASS">
          <reporter-output>
          </reporter-output>
        </test-method> <!-- tearDown -->
        <test-method is-config="true" signature="tearDown()[pri:0, instance:com.qa.tests.OrangeHRMTests@e056f20]" started-at="2022-06-06T22:40:57 IST" name="tearDown" finished-at="2022-06-06T22:40:59 IST" duration-ms="1803" status="PASS">
          <reporter-output>
          </reporter-output>
        </test-method> <!-- tearDown -->
        <test-method is-config="true" signature="tearDown()[pri:0, instance:com.qa.tests.OrangeHRMTests@e056f20]" started-at="2022-06-06T22:40:58 IST" name="tearDown" finished-at="2022-06-06T22:41:00 IST" duration-ms="1290" status="PASS">
          <reporter-output>
          </reporter-output>
        </test-method> <!-- tearDown -->
        <test-method is-config="true" signature="setUp([Ljava.lang.Object;)[pri:0, instance:com.qa.tests.OrangeHRMTests@e056f20]" started-at="2022-06-06T22:40:59 IST" name="setUp" finished-at="2022-06-06T22:41:07 IST" duration-ms="7440" status="PASS">
          <params>
            <param index="0">
              <value>
                <![CDATA[[Ljava.lang.Object;@41f35f7c]]>
              </value>
            </param>
          </params>
          <reporter-output>
          </reporter-output>
        </test-method> <!-- setUp -->
        <test-method is-config="true" signature="tearDown()[pri:0, instance:com.qa.tests.OrangeHRMTests@e056f20]" started-at="2022-06-06T22:41:00 IST" name="tearDown" finished-at="2022-06-06T22:41:01 IST" duration-ms="1270" status="PASS">
          <reporter-output>
          </reporter-output>
        </test-method> <!-- tearDown -->
        <test-method signature="LogInTest2(java.util.Map)[pri:0, instance:com.qa.tests.OrangeHRMTests@e056f20]" started-at="2022-06-06T22:41:07 IST" name="LogInTest2" description="To check newTest working fine" data-provider="getData" finished-at="2022-06-06T22:41:09 IST" duration-ms="2313" status="PASS">
          <params>
            <param index="0">
              <value>
                <![CDATA[{employeeName=, employeeUserName=, password=admin123, browser=chrome, userName=admn11, testName=LogInTest2}]]>
              </value>
            </param>
          </params>
          <reporter-output>
          </reporter-output>
        </test-method> <!-- LogInTest2 -->
        <test-method is-config="true" signature="tearDown()[pri:0, instance:com.qa.tests.OrangeHRMTests@e056f20]" started-at="2022-06-06T22:41:09 IST" name="tearDown" finished-at="2022-06-06T22:41:10 IST" duration-ms="704" status="PASS">
          <reporter-output>
          </reporter-output>
        </test-method> <!-- tearDown -->
        <test-method is-config="true" signature="setUp([Ljava.lang.Object;)[pri:0, instance:com.qa.tests.OrangeHRMTests@e056f20]" started-at="2022-06-06T22:41:10 IST" name="setUp" finished-at="2022-06-06T22:41:21 IST" duration-ms="11021" status="PASS">
          <params>
            <param index="0">
              <value>
                <![CDATA[[Ljava.lang.Object;@42c2f48c]]>
              </value>
            </param>
          </params>
          <reporter-output>
          </reporter-output>
        </test-method> <!-- setUp -->
        <test-method signature="LogInTest2(java.util.Map)[pri:0, instance:com.qa.tests.OrangeHRMTests@e056f20]" started-at="2022-06-06T22:41:21 IST" name="LogInTest2" description="To check newTest working fine" data-provider="getData" finished-at="2022-06-06T22:41:23 IST" duration-ms="2061" status="PASS">
          <params>
            <param index="0">
              <value>
                <![CDATA[{employeeName=, employeeUserName=, password=admin345, browser=firefox, userName=admin22, testName=LogInTest2}]]>
              </value>
            </param>
          </params>
          <reporter-output>
          </reporter-output>
        </test-method> <!-- LogInTest2 -->
        <test-method is-config="true" signature="tearDown()[pri:0, instance:com.qa.tests.OrangeHRMTests@e056f20]" started-at="2022-06-06T22:41:23 IST" name="tearDown" finished-at="2022-06-06T22:41:24 IST" duration-ms="1148" status="PASS">
          <reporter-output>
          </reporter-output>
        </test-method> <!-- tearDown -->
        <test-method is-config="true" signature="setUp([Ljava.lang.Object;)[pri:0, instance:com.qa.tests.OrangeHRMTests@e056f20]" started-at="2022-06-06T22:41:24 IST" name="setUp" finished-at="2022-06-06T22:41:31 IST" duration-ms="7363" status="PASS">
          <params>
            <param index="0">
              <value>
                <![CDATA[[Ljava.lang.Object;@3005db4a]]>
              </value>
            </param>
          </params>
          <reporter-output>
          </reporter-output>
        </test-method> <!-- setUp -->
        <test-method signature="LogInTest2(java.util.Map)[pri:0, instance:com.qa.tests.OrangeHRMTests@e056f20]" started-at="2022-06-06T22:41:31 IST" name="LogInTest2" description="To check newTest working fine" data-provider="getData" finished-at="2022-06-06T22:41:32 IST" duration-ms="553" status="PASS">
          <params>
            <param index="0">
              <value>
                <![CDATA[{employeeName=, employeeUserName=, password=admin786, browser=chrome, userName=, testName=LogInTest2}]]>
              </value>
            </param>
          </params>
          <reporter-output>
          </reporter-output>
        </test-method> <!-- LogInTest2 -->
        <test-method is-config="true" signature="tearDown()[pri:0, instance:com.qa.tests.OrangeHRMTests@e056f20]" started-at="2022-06-06T22:41:32 IST" name="tearDown" finished-at="2022-06-06T22:41:32 IST" duration-ms="695" status="PASS">
          <reporter-output>
          </reporter-output>
        </test-method> <!-- tearDown -->
        <test-method is-config="true" signature="setUp([Ljava.lang.Object;)[pri:0, instance:com.qa.tests.OrangeHRMTests@e056f20]" started-at="2022-06-06T22:41:32 IST" name="setUp" finished-at="2022-06-06T22:41:43 IST" duration-ms="10242" status="PASS">
          <params>
            <param index="0">
              <value>
                <![CDATA[[Ljava.lang.Object;@425d5d46]]>
              </value>
            </param>
          </params>
          <reporter-output>
          </reporter-output>
        </test-method> <!-- setUp -->
        <test-method signature="LogInTest2(java.util.Map)[pri:0, instance:com.qa.tests.OrangeHRMTests@e056f20]" started-at="2022-06-06T22:41:43 IST" name="LogInTest2" description="To check newTest working fine" data-provider="getData" finished-at="2022-06-06T22:41:43 IST" duration-ms="665" status="PASS">
          <params>
            <param index="0">
              <value>
                <![CDATA[{employeeName=, employeeUserName=, password=, browser=firefox, userName=Admin, testName=LogInTest2}]]>
              </value>
            </param>
          </params>
          <reporter-output>
          </reporter-output>
        </test-method> <!-- LogInTest2 -->
        <test-method is-config="true" signature="tearDown()[pri:0, instance:com.qa.tests.OrangeHRMTests@e056f20]" started-at="2022-06-06T22:41:43 IST" name="tearDown" finished-at="2022-06-06T22:41:44 IST" duration-ms="1082" status="PASS">
          <reporter-output>
          </reporter-output>
        </test-method> <!-- tearDown -->
      </class> <!-- com.qa.tests.OrangeHRMTests -->
    </test> <!-- Test -->
  </suite> <!-- Suite -->
</testng-results>
